<?xml version="1.0" encoding="UTF-8"?>
<coverage generated="1460475151">
  <project timestamp="1460475151">
    <package name="Nodefortytwo\DynamicLogHandler">
      <file name="/var/www/packages/dynamic-log-handler/src/Handler.php">
        <class name="Handler" namespace="Nodefortytwo\DynamicLogHandler">
          <metrics methods="4" coveredmethods="3" conditionals="0" coveredconditionals="0" statements="16" coveredstatements="15" elements="20" coveredelements="18"/>
        </class>
        <line num="17" type="method" name="__construct" crap="1" count="1"/>
        <line num="19" type="stmt" count="1"/>
        <line num="20" type="stmt" count="1"/>
        <line num="22" type="stmt" count="1"/>
        <line num="24" type="stmt" count="1"/>
        <line num="25" type="stmt" count="1"/>
        <line num="27" type="method" name="write" crap="2.03" count="1"/>
        <line num="29" type="stmt" count="1"/>
        <line num="31" type="stmt" count="1"/>
        <line num="32" type="stmt" count="0"/>
        <line num="35" type="stmt" count="1"/>
        <line num="37" type="stmt" count="1"/>
        <line num="39" type="method" name="initGuzzle" crap="1" count="1"/>
        <line num="41" type="stmt" count="1"/>
        <line num="42" type="stmt" count="1"/>
        <line num="45" type="method" name="send" crap="1" count="1"/>
        <line num="47" type="stmt" count="1"/>
        <line num="49" type="stmt" count="1"/>
        <line num="50" type="stmt" count="1"/>
        <line num="52" type="stmt" count="1"/>
        <line num="57" type="stmt" count="1"/>
        <metrics loc="58" ncloc="56" classes="1" methods="4" coveredmethods="3" conditionals="0" coveredconditionals="0" statements="17" coveredstatements="16" elements="21" coveredelements="19"/>
      </file>
    </package>
    <metrics files="1" loc="58" ncloc="56" classes="1" methods="4" coveredmethods="3" conditionals="0" coveredconditionals="0" statements="17" coveredstatements="16" elements="21" coveredelements="19"/>
  </project>
</coverage>
